0 info it worked if it ends with ok
1 verbose cli [ '/usr/bin/nodejs', '/usr/bin/npm', 'install' ]
2 info using npm@3.10.3
3 info using node@v6.4.0
4 silly loadCurrentTree Starting
5 silly install loadCurrentTree
6 silly install readLocalPackageData
7 silly install normalizeTree
8 silly loadCurrentTree Finishing
9 silly loadIdealTree Starting
10 silly install loadIdealTree
11 silly cloneCurrentTree Starting
12 silly install cloneCurrentTreeToIdealTree
13 silly cloneCurrentTree Finishing
14 silly loadShrinkwrap Starting
15 silly install loadShrinkwrap
16 silly loadShrinkwrap Finishing
17 silly loadAllDepsIntoIdealTree Starting
18 silly install loadAllDepsIntoIdealTree
19 silly loadAllDepsIntoIdealTree Finishing
20 silly loadIdealTree Finishing
21 silly currentTree vshaxe@0.1.3
21 silly currentTree ├── vscode-jsonrpc@2.2.0
21 silly currentTree └── vscode-languageclient@2.3.0
22 silly idealTree vshaxe@0.1.3
22 silly idealTree ├── vscode-jsonrpc@2.2.0
22 silly idealTree └── vscode-languageclient@2.3.0
23 silly generateActionsToTake Starting
24 silly install generateActionsToTake
25 silly generateActionsToTake Finishing
26 silly diffTrees action count 0
27 silly decomposeActions action count 0
28 silly executeActions Starting
29 silly install executeActions
30 silly doSerial global-install 0
31 silly doParallel fetch 0
32 verbose correctMkdir /home/robert/.electron-gyp/.npm/_locks correctMkdir not in flight; initializing
33 verbose lock using /home/robert/.electron-gyp/.npm/_locks/staging-dd6256387b1068b9.lock for /home/robert/Projekte/KodeStudio/extensions/haxe/node_modules/.staging
34 silly doParallel extract 0
35 silly doParallel preinstall 0
36 silly doReverseSerial remove 0
37 silly doSerial move 0
38 silly doSerial finalize 0
39 silly doSerial build 0
40 silly doSerial global-link 0
41 silly doParallel update-linked 0
42 silly doSerial install 0
43 silly doSerial postinstall 0
44 verbose unlock done using /home/robert/.electron-gyp/.npm/_locks/staging-dd6256387b1068b9.lock for /home/robert/Projekte/KodeStudio/extensions/haxe/node_modules/.staging
45 silly executeActions Finishing
46 silly rollbackFailedOptional Starting
47 silly rollbackFailedOptional Finishing
48 silly runTopLevelLifecycles Starting
49 silly install runTopLevelLifecycles
50 silly preinstall vshaxe@0.1.3 /home/robert/Projekte/KodeStudio/extensions/haxe/vshaxe-99ec030f
51 info lifecycle vshaxe@0.1.3~preinstall: vshaxe@0.1.3
52 silly lifecycle vshaxe@0.1.3~preinstall: no script for preinstall, continuing
53 silly build vshaxe@0.1.3
54 info linkStuff vshaxe@0.1.3
55 silly linkStuff vshaxe@0.1.3 has /home/robert/Projekte/KodeStudio/extensions as its parent node_modules
56 verbose linkBins vshaxe@0.1.3
57 verbose linkMans vshaxe@0.1.3
58 silly install vshaxe@0.1.3 /home/robert/Projekte/KodeStudio/extensions/haxe/vshaxe-99ec030f
59 info lifecycle vshaxe@0.1.3~install: vshaxe@0.1.3
60 silly lifecycle vshaxe@0.1.3~install: no script for install, continuing
61 silly postinstall vshaxe@0.1.3 /home/robert/Projekte/KodeStudio/extensions/haxe/vshaxe-99ec030f
62 info lifecycle vshaxe@0.1.3~postinstall: vshaxe@0.1.3
63 verbose lifecycle vshaxe@0.1.3~postinstall: unsafe-perm in lifecycle true
64 verbose lifecycle vshaxe@0.1.3~postinstall: PATH: /usr/lib/node_modules/npm/bin/node-gyp-bin:/home/robert/Projekte/KodeStudio/extensions/haxe/node_modules/.bin:/usr/bin:/usr/lib/node_modules/npm/bin/node-gyp-bin:/home/robert/Projekte/KodeStudio/node_modules/.bin:/usr/bin:/usr/local/sbin:/usr/local/bin:/usr/sbin:/usr/bin:/sbin:/bin:/usr/games:/usr/local/games:/snap/bin
65 verbose lifecycle vshaxe@0.1.3~postinstall: CWD: /home/robert/Projekte/KodeStudio/extensions/haxe
66 silly lifecycle vshaxe@0.1.3~postinstall: Args: [ '-c', 'haxe build.hxml' ]
67 silly lifecycle vshaxe@0.1.3~postinstall: Returned: code: 1  signal: null
68 info lifecycle vshaxe@0.1.3~postinstall: Failed to exec postinstall script
69 verbose stack Error: vshaxe@0.1.3 postinstall: `haxe build.hxml`
69 verbose stack Exit status 1
69 verbose stack     at EventEmitter.<anonymous> (/usr/lib/node_modules/npm/lib/utils/lifecycle.js:242:16)
69 verbose stack     at emitTwo (events.js:106:13)
69 verbose stack     at EventEmitter.emit (events.js:191:7)
69 verbose stack     at ChildProcess.<anonymous> (/usr/lib/node_modules/npm/lib/utils/spawn.js:40:14)
69 verbose stack     at emitTwo (events.js:106:13)
69 verbose stack     at ChildProcess.emit (events.js:191:7)
69 verbose stack     at maybeClose (internal/child_process.js:852:16)
69 verbose stack     at Process.ChildProcess._handle.onexit (internal/child_process.js:215:5)
70 verbose pkgid vshaxe@0.1.3
71 verbose cwd /home/robert/Projekte/KodeStudio/extensions/haxe
72 error Linux 4.4.0-34-generic
73 error argv "/usr/bin/nodejs" "/usr/bin/npm" "install"
74 error node v6.4.0
75 error npm  v3.10.3
76 error code ELIFECYCLE
77 error vshaxe@0.1.3 postinstall: `haxe build.hxml`
77 error Exit status 1
78 error Failed at the vshaxe@0.1.3 postinstall script 'haxe build.hxml'.
78 error Make sure you have the latest version of node.js and npm installed.
78 error If you do, this is most likely a problem with the vshaxe package,
78 error not with npm itself.
78 error Tell the author that this fails on your system:
78 error     haxe build.hxml
78 error You can get information on how to open an issue for this project with:
78 error     npm bugs vshaxe
78 error Or if that isn't available, you can get their info via:
78 error     npm owner ls vshaxe
78 error There is likely additional logging output above.
79 verbose exit [ 1, true ]
